<?xml version="1.0" encoding="UTF-8"?>
<coverage generated="1566499339763" clover="3.2.0">
  <project timestamp="1566499339763" name="All files">
    <metrics statements="8" coveredstatements="7" conditionals="0" coveredconditionals="0" methods="4" coveredmethods="3" elements="12" coveredelements="10" complexity="0" loc="8" ncloc="8" packages="1" files="2" classes="2"/>
    <file name="List.jsx" path="/home/rocky/codesmith/rein/iSpy/src/client/components/List.jsx">
      <metrics statements="5" coveredstatements="5" conditionals="0" coveredconditionals="0" methods="2" coveredmethods="2"/>
      <line num="3" count="1" type="stmt"/>
      <line num="4" count="1" type="stmt"/>
      <line num="5" count="3" type="stmt"/>
      <line num="7" count="1" type="stmt"/>
      <line num="8" count="1" type="stmt"/>
    </file>
    <file name="Tile.jsx" path="/home/rocky/codesmith/rein/iSpy/src/client/components/Tile.jsx">
      <metrics statements="3" coveredstatements="2" conditionals="0" coveredconditionals="0" methods="2" coveredmethods="1"/>
      <line num="3" count="1" type="stmt"/>
      <line num="4" count="1" type="stmt"/>
      <line num="5" count="0" type="stmt"/>
    </file>
  </project>
</coverage>
