{"/home/rocky/codesmith/rein/iSpy/src/client/components/List.jsx": {"path":"/home/rocky/codesmith/rein/iSpy/src/client/components/List.jsx","statementMap":{"0":{"start":{"line":3,"column":13},"end":{"line":18,"column":1}},"1":{"start":{"line":4,"column":20},"end":{"line":4,"column":22}},"2":{"start":{"line":5,"column":2},"end":{"line":5,"column":66}},"3":{"start":{"line":5,"column":27},"end":{"line":5,"column":63}},"4":{"start":{"line":7,"column":16},"end":{"line":7,"column":39}},"5":{"start":{"line":8,"column":2},"end":{"line":17,"column":4}}},"fnMap":{"0":{"name":"(anonymous_0)","decl":{"start":{"line":3,"column":13},"end":{"line":3,"column":14}},"loc":{"start":{"line":3,"column":44},"end":{"line":18,"column":1}},"line":3},"1":{"name":"(anonymous_1)","decl":{"start":{"line":5,"column":15},"end":{"line":5,"column":16}},"loc":{"start":{"line":5,"column":26},"end":{"line":5,"column":64}},"line":5}},"branchMap":{},"s":{"0":1,"1":1,"2":1,"3":3,"4":1,"5":1},"f":{"0":1,"1":3},"b":{},"_coverageSchema":"43e27e138ebf9cfc5966b082cf9a028302ed4184","hash":"565835b6b81aed7293d9843fcdff22e24a9300ca"}
,"/home/rocky/codesmith/rein/iSpy/src/client/components/Tile.jsx": {"path":"/home/rocky/codesmith/rein/iSpy/src/client/components/Tile.jsx","statementMap":{"0":{"start":{"line":3,"column":13},"end":{"line":7,"column":1}},"1":{"start":{"line":4,"column":2},"end":{"line":6,"column":12}},"2":{"start":{"line":5,"column":62},"end":{"line":5,"column":85}}},"fnMap":{"0":{"name":"(anonymous_0)","decl":{"start":{"line":3,"column":13},"end":{"line":3,"column":14}},"loc":{"start":{"line":4,"column":2},"end":{"line":6,"column":12}},"line":4},"1":{"name":"(anonymous_1)","decl":{"start":{"line":5,"column":56},"end":{"line":5,"column":57}},"loc":{"start":{"line":5,"column":62},"end":{"line":5,"column":85}},"line":5}},"branchMap":{},"s":{"0":1,"1":1,"2":0},"f":{"0":1,"1":0},"b":{},"_coverageSchema":"43e27e138ebf9cfc5966b082cf9a028302ed4184","hash":"aac11e9abb8c01f83dbdf0c6a5f380c9d1710fd0"}
}
